<?xml version="1.0" encoding="UTF-8"?>
<!-- Generated by org.testng.reporters.JUnitReportReporter -->
<testsuite hostname="Flipkarts-MacBook-Pro-117.local" name="org.restq.journal.impl.JournalFileImplTest" tests="9" failures="0" timestamp="10 Feb 2013 18:15:44 GMT" time="0.060" errors="0">
  <testcase name="shouldNotWriteRecordWhenSizeIsFull" time="0.006" classname="org.restq.journal.impl.JournalFileImplTest"/>
  <testcase name="shouldWriteRecord" time="0.004" classname="org.restq.journal.impl.JournalFileImplTest"/>
  <testcase name="shouldThrowExceptionWhenMaxSizeIsLessThanHeaderSize" time="0.010" classname="org.restq.journal.impl.JournalFileImplTest"/>
  <testcase name="shouldReturnFullWhenSizeExceedsMaxSize" time="0.004" classname="org.restq.journal.impl.JournalFileImplTest"/>
  <testcase name="shouldReturnNullWhenNothingToRead" time="0.003" classname="org.restq.journal.impl.JournalFileImplTest"/>
  <testcase name="shouldThrowExceptionWhenDirectoryIsNotFound" time="0.003" classname="org.restq.journal.impl.JournalFileImplTest"/>
  <testcase name="shouldAllocateHeaderSpaceForNewFiles" time="0.023" classname="org.restq.journal.impl.JournalFileImplTest"/>
  <testcase name="shouldReturnSizeOfFile" time="0.003" classname="org.restq.journal.impl.JournalFileImplTest"/>
  <testcase name="shouldReadRecord" time="0.004" classname="org.restq.journal.impl.JournalFileImplTest"/>
</testsuite>
