<?xml version="1.0" encoding="UTF-8"?>
<!-- Generated by org.testng.reporters.JUnitReportReporter -->
<testsuite hostname="Flipkarts-MacBook-Pro-92.local" name="org.restq.journal.impl.JournalFileImplTest" tests="1" failures="0" timestamp="24 Jan 2013 16:44:05 GMT" time="0.031" errors="0">
  <testcase name="shouldReturnNullWhenNothingToRead" time="0.031" classname="org.restq.journal.impl.JournalFileImplTest"/>
</testsuite>
