<?xml version="1.0" encoding="UTF-8"?>
<!-- Generated by org.testng.reporters.JUnitReportReporter -->
<testsuite hostname="Flipkarts-MacBook-Pro-92.local" name="org.restq.journal.impl.JournalImplTest" tests="1" failures="0" timestamp="24 Jan 2013 17:43:57 GMT" time="0.427" errors="0">
  <testcase name="shouldReceiveCallBackOnReadRecords" time="0.427" classname="org.restq.journal.impl.JournalImplTest"/>
</testsuite>
